build/app/outputs/mapping/release/seeds.txt
com.example.quranapp.MainActivity
com.example.quranapp.MainActivity: MainActivity()
...
androidx.appcompat.widget.LinearLayoutCompat: void setMeasureWithLargestChildEnabled(boolean)
LogLevel: LogLevel[] values()
com.google.firebase.database.connection.Connection$DisconnectReason: com.google.firebase.database.connection.Connection$DisconnectReason valueOf(java.lang.String)
io.flutter.embedding.engine.FlutterJNI: void setPlatformViewsController(io.flutter.plugin.platform.PlatformViewsController)
androidx.appcompat.widget.AppCompatTextView: void setCustomSelectionActionModeCallback(android.view.ActionMode$Callback)
io.flutter.view.AccessibilityViewEmbedder: android.view.View platformViewOfNode(int)
io.flutter.embedding.android.FlutterSplashView$SavedState: android.os.Parcelable$Creator CREATOR
androidx.appcompat.widget.Toolbar: void setNavigationContentDescription(int)
com.google.firebase.database.connection.Connection$State: com.google.firebase.database.connection.Connection$State valueOf(java.lang.String)
androidx.appcompat.widget.SearchView: void setOnQueryTextFocusChangeListener(android.view.View$OnFocusChangeListener)
androidx.appcompat.widget.ActionBarContextView: void setSubtitle(java.lang.CharSequence)
androidx.appcompat.widget.ActionBarOverlayLayout: ActionBarOverlayLayout(android.content.Context,android.util.AttributeSet)
androidx.appcompat.widget.Toolbar: void setContentInsetEndWithActions(int)
io.flutter.embedding.engine.FlutterJNI: void nativeSetViewportMetrics(long,float,int,int,int,int,int,int,int,int,int,int,int,int,int,int,int)
androidx.appcompat.widget.ActionBarOverlayLayout
androidx.appcompat.widget.AppCompatImageView: void setImageDrawable(android.graphics.drawable.Drawable)
androidx.lifecycle.Lifecycle$Event: androidx.lifecycle.Lifecycle$Event ON_RESUME
org.chromium.support_lib_boundary.ServiceWorkerClientBoundaryInterface
androidx.appcompat.widget.AppCompatTextView: void setLastBaselineToBottomHeight(int)
androidx.appcompat.widget.AppCompatTextView: android.graphics.PorterDuff$Mode getSupportBackgroundTintMode()
androidx.vectordrawable.graphics.drawable.VectorDrawableCompat$VFullPath: float getTrimPathEnd()
androidx.core.content.FileProvider
androidx.appcompat.widget.AppCompatTextView: void setTextMetricsParamsCompat(androidx.core.text.PrecomputedTextCompat$Params)
androidx.appcompat.widget.Toolbar: android.widget.TextView getTitleTextView()
io.flutter.embedding.android.FlutterActivity: FlutterActivity()
org.chromium.support_lib_boundary.WebViewClientBoundaryInterface: void onSafeBrowsingHit(android.webkit.WebView,android.webkit.WebResourceRequest,int,java.lang.reflect.InvocationHandler)
androidx.appcompat.widget.DialogTitle: DialogTitle(android.content.Context,android.util.AttributeSet)
org.chromium.support_lib_boundary.TracingControllerBoundaryInterface: boolean isTracing()
io.flutter.embedding.engine.renderer.SurfaceTextureWrapper: android.graphics.SurfaceTexture surfaceTexture()
androidx.appcompat.widget.AppCompatRadioButton: android.graphics.PorterDuff$Mode getSupportButtonTintMode()
com.google.android.gms.auth.api.signin.GoogleSignInAccount: android.os.Parcelable$Creator CREATOR
androidx.appcompat.widget.AppCompatSpinner: void setPopupBackgroundResource(int)
com.google.firebase.database.DatabaseRegistrar: DatabaseRegistrar()
io.flutter.embedding.engine.systemchannels.TextInputChannel$TextCapitalization: io.flutter.embedding.engine.systemchannels.TextInputChannel$TextCapitalization[] values()
io.flutter.embedding.engine.FlutterJNI: void addIsDisplayingFlutterUiListener(io.flutter.embedding.engine.renderer.FlutterUiDisplayListener)
com.google.firebase.database.connection.Connection$State: com.google.firebase.database.connection.Connection$State[] values()
androidx.lifecycle.ReportFragment$LifecycleCallbacks: ReportFragment$LifecycleCallbacks()
androidx.appcompat.widget.AppCompatAutoCompleteTextView
io.flutter.embedding.engine.FlutterJNI: void nativeInvokePlatformMessageEmptyResponseCallback(long,int)