build/app/outputs/mapping/release/mapping.txt
# compiler: R8
# compiler_version: 2.1.62
# min_api: 23
# pg_map_id: 9f1ccd3
# common_typos_disable
...
com.google.firebase.storage.StorageMetadata$MetadataValue -> com.google.firebase.storage.d0$c:
    java.lang.Object value -> b
    boolean userProvided -> a
    java.lang.Object getValue() -> a
    boolean isUserProvided() -> b
    com.google.firebase.storage.StorageMetadata$MetadataValue withDefaultValue(java.lang.Object) -> c
    com.google.firebase.storage.StorageMetadata$MetadataValue withUserValue(java.lang.Object) -> d
com.google.firebase.storage.StorageReference -> com.google.firebase.storage.e0:
    com.google.firebase.storage.FirebaseStorage mFirebaseStorage -> d
    android.net.Uri mStorageUri -> c
    java.lang.String getPath() -> A
    com.google.firebase.storage.StorageReference getRoot() -> B
    com.google.firebase.storage.FirebaseStorage getStorage() -> C
    com.google.firebase.storage.internal.StorageReferenceUri getStorageReferenceUri() -> D
    com.google.android.gms.tasks.Task list(int) -> E
    com.google.android.gms.tasks.Task list(int,java.lang.String) -> F
    com.google.android.gms.tasks.Task listAll() -> G
    com.google.android.gms.tasks.Task listHelper(java.lang.Integer,java.lang.String) -> H
    com.google.firebase.storage.UploadTask putBytes(byte[]) -> I
    com.google.firebase.storage.UploadTask putBytes(byte[],com.google.firebase.storage.StorageMetadata) -> J
    com.google.firebase.storage.UploadTask putFile(android.net.Uri) -> K
    com.google.firebase.storage.UploadTask putFile(android.net.Uri,com.google.firebase.storage.StorageMetadata) -> L
    com.google.android.gms.tasks.Task updateMetadata(com.google.firebase.storage.StorageMetadata) -> M
    com.google.android.gms.tasks.Task access$000(com.google.firebase.storage.StorageReference,java.lang.Integer,java.lang.String) -> o
    com.google.firebase.storage.StorageReference child(java.lang.String) -> p
    int compareTo(com.google.firebase.storage.StorageReference) -> q
com.google.firebase.storage.StorageReference$1 -> com.google.firebase.storage.e0$a:
    com.google.android.gms.tasks.TaskCompletionSource val$pendingResult -> a
    void onFailure(java.lang.Exception) -> d
com.google.firebase.storage.StorageReference$2 -> com.google.firebase.storage.e0$b:
    com.google.android.gms.tasks.TaskCompletionSource val$pendingResult -> a
    void onSuccess(com.google.firebase.storage.StreamDownloadTask$TaskSnapshot) -> a
    void onSuccess(java.lang.Object) -> c
com.google.firebase.storage.StorageReference$3 -> com.google.firebase.storage.e0$c:
    long val$maxDownloadSizeBytes -> a
    com.google.android.gms.tasks.TaskCompletionSource val$pendingResult -> b
    void doInBackground(com.google.firebase.storage.StreamDownloadTask$TaskSnapshot,java.io.InputStream) -> a
com.google.firebase.storage.StorageReference$4 -> com.google.firebase.storage.e0$d:
    java.util.List val$items -> b
    java.util.List val$prefixes -> a
    java.util.concurrent.Executor val$executor -> c
    com.google.firebase.storage.StorageReference this$0 -> e
    com.google.android.gms.tasks.TaskCompletionSource val$pendingResult -> d
    java.lang.Object then(com.google.android.gms.tasks.Task) -> a
    com.google.android.gms.tasks.Task then(com.google.android.gms.tasks.Task) -> b
com.google.firebase.storage.StorageRegistrar -> com.google.firebase.storage.StorageRegistrar:
    com.google.firebase.storage.FirebaseStorageComponent lambda$getComponents$0(com.google.firebase.components.ComponentContainer) -> a