build/app/outputs/mapping/release/usage.txt
com.example.quranapp.BuildConfig
com.example.quranapp.R$layout
com.example.quranapp.R$integer
com.example.quranapp.R$drawable
com.example.quranapp.R$bool
com.example.quranapp.R
com.example.quranapp.R$attr
com.example.quranapp.R$style
com.example.quranapp.R$color
com.example.quranapp.R$mipmap
com.example.quranapp.R$xml
com.example.quranapp.R$string
com.example.quranapp.R$id
com.example.quranapp.R$interpolator
com.example.quranapp.R$dimen
com.example.quranapp.R$styleable
com.example.quranapp.R$anim
...
com.google.common.collect.SortedMultiset
androidx.core.view.accessibility.AccessibilityNodeProviderCompat:
    public void <init>()
    public androidx.core.view.accessibility.AccessibilityNodeInfoCompat createAccessibilityNodeInfo(int)
    public boolean performAction(int,int,android.os.Bundle)
    public java.util.List findAccessibilityNodeInfosByText(java.lang.String,int)
    public androidx.core.view.accessibility.AccessibilityNodeInfoCompat findFocus(int)
    public void addExtraDataToAccessibilityNodeInfo(int,androidx.core.view.accessibility.AccessibilityNodeInfoCompat,java.lang.String,android.os.Bundle)
    public static final int HOST_VIEW_ID
com.google.common.collect.MultimapBuilder$1
com.google.android.gms.common.api.internal.zaby
com.google.common.collect.Maps$11
com.google.android.gms.dynamite.zzi
com.google.common.math.Quantiles
io.github.ponnamkarthik.toast.fluttertoast.R
com.google.android.gms.common.config.GservicesValue
com.google.common.base.Equivalence
androidx.core.app.NotificationManagerCompat$SideChannelManager$ListenerRecord
com.google.common.collect.ClassToInstanceMap
com.google.common.util.concurrent.FuturesGetChecked$GetCheckedTypeValidatorHolder$WeakSetValidator
com.google.common.cache.Weigher
com.google.common.collect.Maps$UnmodifiableNavigableMap
androidx.core.text.StringKt
com.google.common.collect.DescendingImmutableSortedSet
com.google.common.collect.StandardTable$RowMap
com.google.common.cache.LocalCache$StrongValueReference
androidx.viewpager.widget.ViewPager$SavedState
kotlin.io.path.PathsKt__PathReadWriteKt
com.google.common.base.Predicates$InstanceOfPredicate
com.google.android.gms.common.internal.zzp:
    public static java.lang.String zzc(android.content.Context)
kotlin.collections.builders.MapBuilder$Companion
androidx.loader.content.Loader$OnLoadCanceledListener
com.google.j2objc.annotations.ObjectiveCName
com.google.common.io.Files$FileByteSource
androidx.core.graphics.TypefaceCompatBaseImpl:
    private static final java.lang.String TAG
    private static final int INVALID_KEY
com.google.firebase.storage.StorageTask:
    private com.google.android.gms.tasks.Task continueWithImpl(java.util.concurrent.Executor,com.google.android.gms.tasks.Continuation)
    private com.google.android.gms.tasks.Task successTaskImpl(java.util.concurrent.Executor,com.google.android.gms.tasks.SuccessContinuation)
    private static synthetic void lambda$successTaskImpl$6(com.google.android.gms.tasks.SuccessContinuation,com.google.android.gms.tasks.TaskCompletionSource,com.google.android.gms.tasks.CancellationTokenSource,com.google.firebase.storage.StorageTask$ProvideError)
    private synthetic void lambda$continueWithImpl$4(com.google.android.gms.tasks.Continuation,com.google.android.gms.tasks.TaskCompletionSource,com.google.android.gms.tasks.Task)
    public com.google.firebase.storage.StorageTask$ProvideError getResult(java.lang.Class)
    public com.google.firebase.storage.StorageTask addOnPausedListener(com.google.firebase.storage.OnPausedListener)
    public com.google.firebase.storage.StorageTask addOnPausedListener(android.app.Activity,com.google.firebase.storage.OnPausedListener)
    public com.google.firebase.storage.StorageTask removeOnPausedListener(com.google.firebase.storage.OnPausedListener)
    public com.google.firebase.storage.StorageTask addOnProgressListener(com.google.firebase.storage.OnProgressListener)
com.google.android.gms.common.stats.LoggingConstants
androidx.core.telephony.TelephonyManagerCompat$Api23Impl
com.google.common.collect.ImmutableSet
javax.annotation.Nonnegative$Checker
androidx.loader.R$styleable
androidx.appcompat.app.AppCompatViewInflater:
    private static final java.lang.String LOG_TAG
com.google.common.graph.ImmutableValueGraph$1
androidx.webkit.ProxyConfig$ProxyScheme
com.google.common.collect.Iterators
com.google.common.primitives.UnsignedInts$LexicographicalComparator